[INFO] Scanning for projects...
[INFO] ------------------------------------------------------------------------
[INFO] Reactor Build Order:
[INFO] 
[INFO] gameoflife
[INFO] gameoflife-build
[INFO] gameoflife-core
[INFO] gameoflife-web
[INFO]                                                                         
[INFO] ------------------------------------------------------------------------
[INFO] Building gameoflife 1.0-SNAPSHOT
[INFO] ------------------------------------------------------------------------
[INFO] 
[INFO] --- maven-dependency-plugin:2.8:tree (default-cli) @ gameoflife ---
[INFO] com.wakaleo.gameoflife:gameoflife:pom:1.0-SNAPSHOT
[INFO] +- junit:junit:jar:4.11:test
[INFO] |  \- org.hamcrest:hamcrest-core:jar:1.3:test
[INFO] +- org.hamcrest:hamcrest-all:jar:1.1:test
[INFO] \- org.mockito:mockito-all:jar:1.9.0:test
[INFO]                                                                         
[INFO] ------------------------------------------------------------------------
[INFO] Building gameoflife-build 1.0-SNAPSHOT
[INFO] ------------------------------------------------------------------------
[INFO] 
[INFO] --- maven-dependency-plugin:2.8:tree (default-cli) @ gameoflife-build ---
[INFO] com.wakaleo.gameoflife:gameoflife-build:jar:1.0-SNAPSHOT
[INFO] +- junit:junit:jar:4.11:test
[INFO] |  \- org.hamcrest:hamcrest-core:jar:1.3:test
[INFO] +- org.hamcrest:hamcrest-all:jar:1.1:test
[INFO] \- org.mockito:mockito-all:jar:1.9.0:test
[INFO]                                                                         
[INFO] ------------------------------------------------------------------------
[INFO] Building gameoflife-core 1.0-SNAPSHOT
[INFO] ------------------------------------------------------------------------
[INFO] 
[INFO] --- maven-dependency-plugin:2.8:tree (default-cli) @ gameoflife-core ---
[INFO] com.wakaleo.gameoflife:gameoflife-core:jar:1.0-SNAPSHOT
[INFO] +- junit:junit:jar:4.11:test
[INFO] |  \- org.hamcrest:hamcrest-core:jar:1.3:test
[INFO] +- org.hamcrest:hamcrest-all:jar:1.1:test
[INFO] \- org.mockito:mockito-all:jar:1.9.0:test
[INFO]                                                                         
[INFO] ------------------------------------------------------------------------
[INFO] Building gameoflife-web 1.0-SNAPSHOT
[INFO] ------------------------------------------------------------------------
[INFO] 
[INFO] --- maven-dependency-plugin:2.8:tree (default-cli) @ gameoflife-web ---
[INFO] com.wakaleo.gameoflife:gameoflife-web:war:1.0-SNAPSHOT
[INFO] +- com.wakaleo.gameoflife:gameoflife-core:jar:1.0-SNAPSHOT:compile
[INFO] +- org.springframework:spring-webmvc:jar:3.0.2.RELEASE:compile
[INFO] |  +- org.springframework:spring-asm:jar:3.0.2.RELEASE:compile
[INFO] |  +- org.springframework:spring-beans:jar:3.0.2.RELEASE:compile
[INFO] |  +- org.springframework:spring-context:jar:3.0.2.RELEASE:compile
[INFO] |  |  \- org.springframework:spring-aop:jar:3.0.2.RELEASE:compile
[INFO] |  +- org.springframework:spring-context-support:jar:3.0.2.RELEASE:compile
[INFO] |  \- org.springframework:spring-expression:jar:3.0.2.RELEASE:compile
[INFO] +- org.springframework:spring-core:jar:3.0.2.RELEASE:compile
[INFO] |  \- commons-logging:commons-logging:jar:1.1.1:compile
[INFO] +- org.springframework:spring-web:jar:3.0.2.RELEASE:compile
[INFO] |  \- aopalliance:aopalliance:jar:1.0:compile
[INFO] +- javax.servlet:jstl:jar:1.2:compile
[INFO] +- javax.servlet:servlet-api:jar:2.5:provided
[INFO] +- org.mockito:mockito-all:jar:1.8.5:test
[INFO] +- org.easytesting:fest-assert:jar:1.4:compile
[INFO] |  \- org.easytesting:fest-util:jar:1.1.6:compile
[INFO] +- org.slf4j:slf4j-simple:jar:1.6.1:compile
[INFO] +- org.slf4j:slf4j-api:jar:1.6.1:compile
[INFO] +- junit:junit:jar:4.11:test
[INFO] |  \- org.hamcrest:hamcrest-core:jar:1.3:test
[INFO] \- org.hamcrest:hamcrest-all:jar:1.1:test
[INFO] ------------------------------------------------------------------------
[INFO] Reactor Summary:
[INFO] 
[INFO] gameoflife ......................................... SUCCESS [  1.812 s]
[INFO] gameoflife-build ................................... SUCCESS [  0.054 s]
[INFO] gameoflife-core .................................... SUCCESS [  0.018 s]
[INFO] gameoflife-web ..................................... SUCCESS [  0.156 s]
[INFO] ------------------------------------------------------------------------
[INFO] BUILD SUCCESS
[INFO] ------------------------------------------------------------------------
[INFO] Total time: 3.480 s
[INFO] Finished at: 2015-11-24T11:00:44-08:00
[INFO] Final Memory: 12M/28M
[INFO] ------------------------------------------------------------------------
